<?xml version="1.0" encoding="UTF-8"?>
<!-- Generated by org.testng.reporters.JUnitReportReporter -->
<testsuite hostname="MAVBCP3496" failures="0" tests="1" name="com.selenium.examples.LoginExample" time="37.906" errors="0" timestamp="2021-10-06T20:11:04 IST" skipped="0">
  <testcase classname="com.selenium.examples.LoginExample" name="logintest" time="37.906"/>
  <system-out/>
</testsuite> <!-- com.selenium.examples.LoginExample -->
