<?xml version="1.0" encoding="UTF-8"?>
<!-- Generated by org.testng.reporters.JUnitReportReporter -->
<testsuite hostname="MAVBCP3496" failures="0" tests="1" name="com.selenium.examples.RobotExample" time="22.411" errors="0" timestamp="2021-10-08T12:07:58 IST" skipped="0">
  <testcase classname="com.selenium.examples.RobotExample" name="robot1" time="22.411"/>
  <system-out/>
</testsuite> <!-- com.selenium.examples.RobotExample -->
