<?xml version="1.0" encoding="UTF-8"?>
<!-- Generated by org.testng.reporters.JUnitReportReporter -->
<testsuite hostname="MAVBCP3496" failures="0" tests="1" name="com.selenium.Group.sauceDemo" time="39.949" errors="0" timestamp="2021-10-11T12:02:45 IST" skipped="0">
  <testcase classname="com.selenium.Group.sauceDemo" name="Individual" time="39.949"/>
  <system-out/>
</testsuite> <!-- com.selenium.Group.sauceDemo -->
