<?xml version="1.0" encoding="UTF-8"?>
<!-- Generated by org.testng.reporters.JUnitReportReporter -->
<testsuite hostname="MAVBCP3496" failures="0" tests="1" name="com.selenium.examples.AlertExample" time="12.268" errors="0" timestamp="2021-10-07T17:03:35 IST" skipped="0">
  <testcase classname="com.selenium.examples.AlertExample" name="alertsHandling" time="12.268"/>
  <system-out/>
</testsuite> <!-- com.selenium.examples.AlertExample -->
