<?xml version="1.0" encoding="UTF-8"?>
<!-- Generated by org.testng.reporters.JUnitReportReporter -->
<testsuite hostname="MAVBCP3496" failures="0" tests="4" name="com.selenium.example2.ParellelTest" time="11.302" errors="0" timestamp="2021-10-07T16:58:07 IST" skipped="0">
  <testcase classname="com.selenium.example2.ParellelTest" name="login_TestCase" time="3.236"/>
  <system-out/>
  <testcase classname="com.selenium.example2.ParellelTest" name="search_TestCase" time="2.428"/>
  <system-out/>
  <testcase classname="com.selenium.example2.ParellelTest" name="search_TestCase" time="1.506"/>
  <system-out/>
  <testcase classname="com.selenium.example2.ParellelTest" name="login_TestCase" time="4.132"/>
  <system-out/>
</testsuite> <!-- com.selenium.example2.ParellelTest -->
