<?xml version="1.0" encoding="UTF-8"?>
<!-- Generated by org.testng.reporters.JUnitReportReporter -->
<testsuite hostname="MAVBCP3496" failures="0" tests="1" name="com.selenium.examples.RobotExample2" time="43.599" errors="0" timestamp="2021-10-08T11:24:47 IST" skipped="0">
  <testcase classname="com.selenium.examples.RobotExample2" name="robot" time="43.599"/>
  <system-out/>
</testsuite> <!-- com.selenium.examples.RobotExample2 -->
