<?xml version="1.0" encoding="UTF-8"?>
<!-- Generated by org.testng.reporters.JUnitReportReporter -->
<testsuite hostname="MAVBCP3496" failures="0" tests="1" name="com.selenium.example2.VerifyWordpressLogin" time="26.314" errors="0" timestamp="2021-10-07T10:18:28 IST" skipped="0">
  <testcase classname="com.selenium.example2.VerifyWordpressLogin" name="verifyValidLogin" time="26.314"/>
  <system-out/>
</testsuite> <!-- com.selenium.example2.VerifyWordpressLogin -->
