<?xml version="1.0" encoding="UTF-8"?>
<!-- Generated by org.testng.reporters.JUnitReportReporter -->
<testsuite hostname="MAVBCP3496" failures="0" tests="2" name="com.selenium.example2.CrossBrowsersScript" time="29.856" errors="0" timestamp="2021-10-07T16:45:24 IST" skipped="0">
  <testcase classname="com.selenium.example2.CrossBrowsersScript" name="testParameterWithXML" time="16.142"/>
  <system-out/>
  <testcase classname="com.selenium.example2.CrossBrowsersScript" name="testParameterWithXML" time="13.714"/>
  <system-out/>
</testsuite> <!-- com.selenium.example2.CrossBrowsersScript -->
