<?xml version="1.0" encoding="UTF-8"?>
<!-- Generated by org.testng.reporters.JUnitReportReporter -->
<testsuite hostname="MAVBCP3496" failures="0" tests="1" name="com.selenium.examples.DropdownSelect" time="15.036" errors="0" timestamp="2021-10-06T20:45:38 IST" skipped="0">
  <testcase classname="com.selenium.examples.DropdownSelect" name="dropdown" time="15.036"/>
  <system-out/>
</testsuite> <!-- com.selenium.examples.DropdownSelect -->
