<?xml version="1.0" encoding="UTF-8"?>
<!-- Generated by org.testng.reporters.JUnitReportReporter -->
<testsuite hostname="MAVBCP3496" failures="0" tests="1" name="com.selenium.examples.WebTableExample" time="15.934" errors="0" timestamp="2021-10-07T17:21:07 IST" skipped="0">
  <testcase classname="com.selenium.examples.WebTableExample" name="webtable" time="15.934"/>
  <system-out/>
</testsuite> <!-- com.selenium.examples.WebTableExample -->
