<?xml version="1.0" encoding="UTF-8"?>
<!-- Generated by org.testng.reporters.JUnitReportReporter -->
<testsuite hostname="MAVBCP3496" failures="0" tests="1" name="com.selenium.example2.WaitTest" time="55.036" errors="0" timestamp="2021-10-07T15:05:06 IST" skipped="0">
  <testcase classname="com.selenium.example2.WaitTest" name="testUntitled" time="55.036"/>
  <system-out/>
</testsuite> <!-- com.selenium.example2.WaitTest -->
