<?xml version="1.0" encoding="UTF-8"?>
<!-- Generated by org.testng.reporters.JUnitReportReporter -->
<testsuite hostname="MAVBCP3496" failures="0" tests="1" name="com.selenium.example2.RecorderScript" time="16.977" errors="0" timestamp="2021-10-08T11:29:22 IST" skipped="0">
  <testcase classname="com.selenium.example2.RecorderScript" name="testParameterWithXML" time="16.977"/>
  <system-out/>
</testsuite> <!-- com.selenium.example2.RecorderScript -->
