<?xml version="1.0" encoding="UTF-8"?>
<!-- Generated by org.testng.reporters.JUnitReportReporter -->
<testsuite hostname="MAVBCP3496" failures="0" tests="1" name="com.selenium.examples.MultipleWindowsHandle" time="12.093" errors="0" timestamp="2021-10-07T09:35:51 IST" skipped="0">
  <testcase classname="com.selenium.examples.MultipleWindowsHandle" name="MultipleWindowHandling" time="12.093"/>
  <system-out/>
</testsuite> <!-- com.selenium.examples.MultipleWindowsHandle -->
