<?xml version="1.0" encoding="UTF-8"?>
<!-- Generated by org.testng.reporters.JUnitReportReporter -->
<testsuite hostname="MAVBCP3496" failures="0" tests="1" name="com.selenium.example3.SwagLabs" time="17.931" errors="0" timestamp="2021-10-11T10:40:28 IST" skipped="0">
  <testcase classname="com.selenium.example3.SwagLabs" name="Individual" time="17.931"/>
  <system-out/>
</testsuite> <!-- com.selenium.example3.SwagLabs -->
